[2018-10-29 17:01:26,390] INFO [Kafka Server 0], shutting down (kafka.server.KafkaServer)
[2018-10-29 17:01:26,391] INFO [Kafka Server 0], Starting controlled shutdown (kafka.server.KafkaServer)
[2018-10-29 17:01:26,424] INFO [Kafka Server 0], Controlled shutdown succeeded (kafka.server.KafkaServer)
[2018-10-29 17:01:26,427] INFO [Socket Server on Broker 0], Shutting down (kafka.network.SocketServer)
[2018-10-29 17:01:26,433] INFO [Socket Server on Broker 0], Shutdown completed (kafka.network.SocketServer)
[2018-10-29 17:01:26,434] INFO [Kafka Request Handler on Broker 0], shutting down (kafka.server.KafkaRequestHandlerPool)
[2018-10-29 17:01:26,445] INFO [Kafka Request Handler on Broker 0], shut down completely (kafka.server.KafkaRequestHandlerPool)
[2018-10-29 17:01:26,455] INFO [ThrottledRequestReaper-Fetch], Shutting down (kafka.server.ClientQuotaManager$ThrottledRequestReaper)
[2018-10-29 17:01:26,571] INFO [ThrottledRequestReaper-Fetch], Shutdown completed (kafka.server.ClientQuotaManager$ThrottledRequestReaper)
[2018-10-29 17:01:26,571] INFO [ThrottledRequestReaper-Fetch], Stopped  (kafka.server.ClientQuotaManager$ThrottledRequestReaper)
[2018-10-29 17:01:26,571] INFO [ThrottledRequestReaper-Produce], Shutting down (kafka.server.ClientQuotaManager$ThrottledRequestReaper)
[2018-10-29 17:01:26,571] INFO [ThrottledRequestReaper-Produce], Stopped  (kafka.server.ClientQuotaManager$ThrottledRequestReaper)
[2018-10-29 17:01:26,571] INFO [ThrottledRequestReaper-Produce], Shutdown completed (kafka.server.ClientQuotaManager$ThrottledRequestReaper)
[2018-10-29 17:01:26,572] INFO [KafkaApi-0] Shutdown complete. (kafka.server.KafkaApis)
[2018-10-29 17:01:26,573] INFO [Replica Manager on Broker 0]: Shutting down (kafka.server.ReplicaManager)
[2018-10-29 17:01:26,573] INFO [ReplicaFetcherManager on broker 0] shutting down (kafka.server.ReplicaFetcherManager)
[2018-10-29 17:01:26,574] INFO [ReplicaFetcherManager on broker 0] shutdown completed (kafka.server.ReplicaFetcherManager)
[2018-10-29 17:01:26,574] INFO [ExpirationReaper-0], Shutting down (kafka.server.DelayedOperationPurgatory$ExpiredOperationReaper)
[2018-10-29 17:01:26,694] INFO [ExpirationReaper-0], Stopped  (kafka.server.DelayedOperationPurgatory$ExpiredOperationReaper)
[2018-10-29 17:01:26,694] INFO [ExpirationReaper-0], Shutdown completed (kafka.server.DelayedOperationPurgatory$ExpiredOperationReaper)
[2018-10-29 17:01:26,694] INFO [ExpirationReaper-0], Shutting down (kafka.server.DelayedOperationPurgatory$ExpiredOperationReaper)
[2018-10-29 17:01:26,885] INFO [ExpirationReaper-0], Stopped  (kafka.server.DelayedOperationPurgatory$ExpiredOperationReaper)
[2018-10-29 17:01:26,885] INFO [ExpirationReaper-0], Shutdown completed (kafka.server.DelayedOperationPurgatory$ExpiredOperationReaper)
[2018-10-29 17:01:26,920] INFO [Replica Manager on Broker 0]: Shut down completely (kafka.server.ReplicaManager)
[2018-10-29 17:01:26,920] INFO [ExpirationReaper-0], Shutting down (kafka.server.DelayedOperationPurgatory$ExpiredOperationReaper)
[2018-10-29 17:01:26,923] INFO [ExpirationReaper-0], Stopped  (kafka.server.DelayedOperationPurgatory$ExpiredOperationReaper)
[2018-10-29 17:01:26,923] INFO [ExpirationReaper-0], Shutdown completed (kafka.server.DelayedOperationPurgatory$ExpiredOperationReaper)
[2018-10-29 17:01:26,924] INFO Shutting down. (kafka.log.LogManager)
[2018-10-29 17:01:26,990] INFO Shutdown complete. (kafka.log.LogManager)
[2018-10-29 17:01:26,991] INFO [GroupCoordinator 0]: Shutting down. (kafka.coordinator.GroupCoordinator)
[2018-10-29 17:01:26,991] INFO [ExpirationReaper-0], Shutting down (kafka.server.DelayedOperationPurgatory$ExpiredOperationReaper)
[2018-10-29 17:01:27,141] INFO [ExpirationReaper-0], Stopped  (kafka.server.DelayedOperationPurgatory$ExpiredOperationReaper)
[2018-10-29 17:01:27,141] INFO [ExpirationReaper-0], Shutdown completed (kafka.server.DelayedOperationPurgatory$ExpiredOperationReaper)
[2018-10-29 17:01:27,142] INFO [ExpirationReaper-0], Shutting down (kafka.server.DelayedOperationPurgatory$ExpiredOperationReaper)
[2018-10-29 17:01:27,333] INFO [ExpirationReaper-0], Stopped  (kafka.server.DelayedOperationPurgatory$ExpiredOperationReaper)
[2018-10-29 17:01:27,333] INFO [ExpirationReaper-0], Shutdown completed (kafka.server.DelayedOperationPurgatory$ExpiredOperationReaper)
[2018-10-29 17:01:27,334] INFO [GroupCoordinator 0]: Shutdown complete. (kafka.coordinator.GroupCoordinator)
[2018-10-29 17:01:27,370] INFO [Kafka Server 0], shut down completed (kafka.server.KafkaServer)
